<?xml version="1.0" encoding="UTF-8"?>
<testng-results skipped="0" failed="0" total="1" passed="1">
  <reporter-output>
  </reporter-output>
  <suite name="com.booj.base.BaseTest" duration-ms="33052" started-at="2015-02-12T06:01:26Z" finished-at="2015-02-12T06:01:59Z">
    <groups>
    </groups>
    <test name="Command line test" duration-ms="33052" started-at="2015-02-12T06:01:26Z" finished-at="2015-02-12T06:01:59Z">
      <class name="com.booj.base.BaseTest">
        <test-method status="PASS" signature="setUpBeforeTestClass()[pri:0, instance:com.booj.base.BaseTest@73f792cf]" name="setUpBeforeTestClass" is-config="true" duration-ms="24471" started-at="2015-02-11T23:01:26Z" finished-at="2015-02-11T23:01:51Z">
          <reporter-output>
          </reporter-output>
        </test-method> <!-- setUpBeforeTestClass -->
        <test-method status="PASS" signature="test_Account_Login_Page_Appear_Correct()[pri:0, instance:com.booj.base.BaseTest@73f792cf]" name="test_Account_Login_Page_Appear_Correct" duration-ms="8099" started-at="2015-02-11T23:01:51Z" finished-at="2015-02-11T23:01:59Z">
          <reporter-output>
          </reporter-output>
        </test-method> <!-- test_Account_Login_Page_Appear_Correct -->
        <test-method status="PASS" signature="tearDown()[pri:0, instance:com.booj.base.BaseTest@73f792cf]" name="tearDown" is-config="true" duration-ms="471" started-at="2015-02-11T23:01:59Z" finished-at="2015-02-11T23:01:59Z">
          <reporter-output>
          </reporter-output>
        </test-method> <!-- tearDown -->
      </class> <!-- com.booj.base.BaseTest -->
    </test> <!-- Command line test -->
  </suite> <!-- com.booj.base.BaseTest -->
</testng-results>
