<?xml version="1.0" encoding="UTF-8"?>
<testng-results skipped="0" failed="0" total="1" passed="1">
  <reporter-output>
  </reporter-output>
  <suite name="Default suite" duration-ms="11120" started-at="2015-02-11T21:45:10Z" finished-at="2015-02-11T21:45:21Z">
    <groups>
    </groups>
    <test name="Default test" duration-ms="11120" started-at="2015-02-11T21:45:10Z" finished-at="2015-02-11T21:45:21Z">
      <class name="com.booj.base.BaseTesting">
        <test-method status="PASS" signature="setUpBeforeTestClass()[pri:0, instance:com.booj.base.BaseTesting@3f0ee7cb]" name="setUpBeforeTestClass" is-config="true" duration-ms="8785" started-at="2015-02-11T14:45:10Z" finished-at="2015-02-11T14:45:19Z">
          <reporter-output>
          </reporter-output>
        </test-method> <!-- setUpBeforeTestClass -->
        <test-method status="PASS" signature="test_Account_Login_Page_Appear_Correct()[pri:0, instance:com.booj.base.BaseTesting@3f0ee7cb]" name="test_Account_Login_Page_Appear_Correct" duration-ms="1964" started-at="2015-02-11T14:45:19Z" finished-at="2015-02-11T14:45:21Z">
          <reporter-output>
          </reporter-output>
        </test-method> <!-- test_Account_Login_Page_Appear_Correct -->
        <test-method status="PASS" signature="tearDown()[pri:0, instance:com.booj.base.BaseTesting@3f0ee7cb]" name="tearDown" is-config="true" duration-ms="358" started-at="2015-02-11T14:45:21Z" finished-at="2015-02-11T14:45:21Z">
          <reporter-output>
          </reporter-output>
        </test-method> <!-- tearDown -->
      </class> <!-- com.booj.base.BaseTesting -->
    </test> <!-- Default test -->
  </suite> <!-- Default suite -->
</testng-results>
